This is pdfTeX, Version 3.14159265-2.6-1.40.17 (TeX Live 2016/Arch Linux) (preloaded format=pdflatex 2016.8.25)  29 SEP 2016 19:58
entering extended mode
 restricted \write18 enabled.
 %&-line parsing enabled.
**rulebook.tex
(./rulebook.tex
LaTeX2e <2016/03/31> patch level 3
Babel <3.9r> and hyphenation patterns for 83 language(s) loaded.
(/usr/share/texmf-dist/tex/latex/base/article.cls
Document Class: article 2014/09/29 v1.4h Standard LaTeX document class
(/usr/share/texmf-dist/tex/latex/base/size10.clo
File: size10.clo 2014/09/29 v1.4h Standard LaTeX file (size option)
)
\c@part=\count79
\c@section=\count80
\c@subsection=\count81
\c@subsubsection=\count82
\c@paragraph=\count83
\c@subparagraph=\count84
\c@figure=\count85
\c@table=\count86
\abovecaptionskip=\skip41
\belowcaptionskip=\skip42
\bibindent=\dimen102
)
(/usr/share/texmf-dist/tex/latex/geometry/geometry.sty
Package: geometry 2010/09/12 v5.6 Page Geometry

(/usr/share/texmf-dist/tex/latex/graphics/keyval.sty
Package: keyval 2014/10/28 v1.15 key=value parser (DPC)
\KV@toks@=\toks14
)
(/usr/share/texmf-dist/tex/generic/oberdiek/ifpdf.sty
Package: ifpdf 2016/05/14 v3.1 Provides the ifpdf switch
)
(/usr/share/texmf-dist/tex/generic/oberdiek/ifvtex.sty
Package: ifvtex 2016/05/16 v1.6 Detect VTeX and its facilities (HO)
Package ifvtex Info: VTeX not detected.
)
(/usr/share/texmf-dist/tex/generic/ifxetex/ifxetex.sty
Package: ifxetex 2010/09/12 v0.6 Provides ifxetex conditional
)
\Gm@cnth=\count87
\Gm@cntv=\count88
\c@Gm@tempcnt=\count89
\Gm@bindingoffset=\dimen103
\Gm@wd@mp=\dimen104
\Gm@odd@mp=\dimen105
\Gm@even@mp=\dimen106
\Gm@layoutwidth=\dimen107
\Gm@layoutheight=\dimen108
\Gm@layouthoffset=\dimen109
\Gm@layoutvoffset=\dimen110
\Gm@dimlist=\toks15
)
(/usr/share/texmf-dist/tex/latex/listings/listings.sty
\lst@mode=\count90
\lst@gtempboxa=\box26
\lst@token=\toks16
\lst@length=\count91
\lst@currlwidth=\dimen111
\lst@column=\count92
\lst@pos=\count93
\lst@lostspace=\dimen112
\lst@width=\dimen113
\lst@newlines=\count94
\lst@lineno=\count95
\lst@maxwidth=\dimen114

(/usr/share/texmf-dist/tex/latex/listings/lstmisc.sty
File: lstmisc.sty 2015/06/04 1.6 (Carsten Heinz)
\c@lstnumber=\count96
\lst@skipnumbers=\count97
\lst@framebox=\box27
)
(/usr/share/texmf-dist/tex/latex/listings/listings.cfg
File: listings.cfg 2015/06/04 1.6 listings configuration
))
Package: listings 2015/06/04 1.6 (Carsten Heinz)

(/usr/share/texmf-dist/tex/latex/tools/layout.sty
Package: layout 2014/10/28 v1.2c Show layout parameters
\oneinch=\count98
\cnt@paperwidth=\count99
\cnt@paperheight=\count100
\cnt@hoffset=\count101
\cnt@voffset=\count102
\cnt@textheight=\count103
\cnt@textwidth=\count104
\cnt@topmargin=\count105
\cnt@oddsidemargin=\count106
\cnt@evensidemargin=\count107
\cnt@headheight=\count108
\cnt@headsep=\count109
\cnt@marginparsep=\count110
\cnt@marginparwidth=\count111
\cnt@marginparpush=\count112
\cnt@footskip=\count113
\fheight=\count114
\ref@top=\count115
\ref@hoffset=\count116
\ref@voffset=\count117
\ref@head=\count118
\ref@body=\count119
\ref@foot=\count120
\ref@margin=\count121
\ref@marginwidth=\count122
\ref@marginpar=\count123
\Interval=\count124
\ExtraYPos=\count125
\PositionX=\count126
\PositionY=\count127
\ArrowLength=\count128
)
(/usr/share/texmf-dist/tex/latex/amsfonts/amssymb.sty
Package: amssymb 2013/01/14 v3.01 AMS font symbols

(/usr/share/texmf-dist/tex/latex/amsfonts/amsfonts.sty
Package: amsfonts 2013/01/14 v3.01 Basic AMSFonts support
\@emptytoks=\toks17
\symAMSa=\mathgroup4
\symAMSb=\mathgroup5
LaTeX Font Info:    Overwriting math alphabet `\mathfrak' in version `bold'
(Font)                  U/euf/m/n --> U/euf/b/n on input line 106.
))
(/usr/share/texmf-dist/tex/latex/enumitem/enumitem.sty
Package: enumitem 2011/09/28 v3.5.2 Customized lists
\labelindent=\skip43
\enit@outerparindent=\dimen115
\enit@toks=\toks18
\enit@inbox=\box28
\enitdp@description=\count129
)
(/usr/share/texmf-dist/tex/latex/tools/array.sty
Package: array 2014/10/28 v2.4c Tabular extension package (FMi)
\col@sep=\dimen116
\extrarowheight=\dimen117
\NC@list=\toks19
\extratabsurround=\skip44
\backup@length=\skip45
)
(/usr/share/texmf-dist/tex/latex/tools/tabularx.sty
Package: tabularx 2016/02/03 v2.11 `tabularx' package (DPC)
\TX@col@width=\dimen118
\TX@old@table=\dimen119
\TX@old@col=\dimen120
\TX@target=\dimen121
\TX@delta=\dimen122
\TX@cols=\count130
\TX@ftn=\toks20
) (./rulebook.aux)
\openout1 = `rulebook.aux'.

LaTeX Font Info:    Checking defaults for OML/cmm/m/it on input line 14.
LaTeX Font Info:    ... okay on input line 14.
LaTeX Font Info:    Checking defaults for T1/cmr/m/n on input line 14.
LaTeX Font Info:    ... okay on input line 14.
LaTeX Font Info:    Checking defaults for OT1/cmr/m/n on input line 14.
LaTeX Font Info:    ... okay on input line 14.
LaTeX Font Info:    Checking defaults for OMS/cmsy/m/n on input line 14.
LaTeX Font Info:    ... okay on input line 14.
LaTeX Font Info:    Checking defaults for OMX/cmex/m/n on input line 14.
LaTeX Font Info:    ... okay on input line 14.
LaTeX Font Info:    Checking defaults for U/cmr/m/n on input line 14.
LaTeX Font Info:    ... okay on input line 14.

*geometry* driver: auto-detecting
*geometry* detected driver: pdftex
*geometry* verbose mode - [ preamble ] result:
* driver: pdftex
* paper: <default>
* layout: <same size as paper>
* layoutoffset:(h,v)=(0.0pt,0.0pt)
* modes: 
* h-part:(L,W,R)=(92.14519pt, 430.00462pt, 92.14519pt)
* v-part:(T,H,B)=(33.46042pt, 711.3189pt, 50.19067pt)
* \paperwidth=614.295pt
* \paperheight=794.96999pt
* \textwidth=430.00462pt
* \textheight=711.3189pt
* \oddsidemargin=19.8752pt
* \evensidemargin=19.8752pt
* \topmargin=-75.80957pt
* \headheight=12.0pt
* \headsep=25.0pt
* \topskip=10.0pt
* \footskip=30.0pt
* \marginparwidth=65.0pt
* \marginparsep=11.0pt
* \columnsep=10.0pt
* \skip\footins=9.0pt plus 4.0pt minus 2.0pt
* \hoffset=0.0pt
* \voffset=0.0pt
* \mag=1000
* \@twocolumnfalse
* \@twosidefalse
* \@mparswitchfalse
* \@reversemarginfalse
* (1in=72.27pt=25.4mm, 1cm=28.453pt)

\c@lstlisting=\count131

Underfull \hbox (badness 10000) in paragraph at lines 17--19

 []


Underfull \hbox (badness 10000) in paragraph at lines 21--22

 []


Underfull \hbox (badness 10000) in paragraph at lines 23--24

 []


Underfull \hbox (badness 10000) in paragraph at lines 25--26

 []


Underfull \hbox (badness 10000) in paragraph at lines 27--28

 []


Underfull \hbox (badness 10000) in paragraph at lines 29--30

 []


Underfull \hbox (badness 10000) in paragraph at lines 31--32

 []


Underfull \hbox (badness 10000) in paragraph at lines 33--34

 []


Underfull \hbox (badness 10000) in paragraph at lines 38--49

 []


Underfull \hbox (badness 10000) in paragraph at lines 38--49

 []

LaTeX Font Info:    Try loading font information for U+msa on input line 50.
(/usr/share/texmf-dist/tex/latex/amsfonts/umsa.fd
File: umsa.fd 2013/01/14 v3.01 AMS symbols A
)
LaTeX Font Info:    Try loading font information for U+msb on input line 50.

(/usr/share/texmf-dist/tex/latex/amsfonts/umsb.fd
File: umsb.fd 2013/01/14 v3.01 AMS symbols B
)
Underfull \hbox (badness 10000) in paragraph at lines 50--62

 []


Underfull \hbox (badness 10000) in paragraph at lines 65--70

 []


Underfull \hbox (badness 10000) in paragraph at lines 65--70

 []


Overfull \hbox (0.5738pt too wide) in paragraph at lines 71--77
[][] 
 []


Underfull \hbox (badness 10000) in paragraph at lines 71--77

 []

[1

{/var/lib/texmf/fonts/map/pdftex/updmap/pdftex.map}]
Underfull \hbox (badness 10000) in paragraph at lines 80--112

 []


Underfull \hbox (badness 10000) in paragraph at lines 80--112

 []


Underfull \hbox (badness 10000) in paragraph at lines 115--123

 []


Underfull \hbox (badness 10000) in paragraph at lines 124--128

 []

[2]
Underfull \hbox (badness 10000) in paragraph at lines 129--134

 []


Underfull \hbox (badness 10000) in paragraph at lines 136--139

 []


Underfull \hbox (badness 10000) in paragraph at lines 140--143

 []


Underfull \hbox (badness 10000) in paragraph at lines 144--145

 []


Underfull \hbox (badness 10000) in paragraph at lines 147--154

 []


Underfull \hbox (badness 10000) in paragraph at lines 165--182

 []


Underfull \hbox (badness 10000) in paragraph at lines 165--182

 []


Underfull \hbox (badness 10000) in paragraph at lines 185--190

 []

[3]
Underfull \hbox (badness 10000) in paragraph at lines 191--201

 []


Underfull \hbox (badness 10000) in paragraph at lines 202--205

 []


Underfull \hbox (badness 10000) in paragraph at lines 206--277

 []


Underfull \hbox (badness 10000) in paragraph at lines 206--277

 []


Underfull \hbox (badness 10000) in paragraph at lines 206--277

 []


Overfull \hbox (38.82935pt too wide) in paragraph at lines 206--277
[] 
 []


Underfull \hbox (badness 10000) in paragraph at lines 206--277

 []


Underfull \hbox (badness 10000) in paragraph at lines 206--277

 []

[4]
Underfull \hbox (badness 10000) in paragraph at lines 282--289

 []


Underfull \hbox (badness 10000) in paragraph at lines 282--289

 []


Underfull \hbox (badness 10000) in paragraph at lines 290--295

 []


Underfull \hbox (badness 10000) in paragraph at lines 290--295

 []


Underfull \hbox (badness 10000) in paragraph at lines 304--322

 []


Underfull \hbox (badness 10000) in paragraph at lines 304--322

 []


Underfull \hbox (badness 10000) in paragraph at lines 304--322

 []


Underfull \hbox (badness 10000) in paragraph at lines 304--322

 []


Underfull \hbox (badness 10000) in paragraph at lines 304--322

 []

[5]
Underfull \hbox (badness 10000) in paragraph at lines 323--324

 []


Underfull \hbox (badness 10000) in paragraph at lines 325--327

 []


Underfull \hbox (badness 10000) in paragraph at lines 329--336

 []


Underfull \hbox (badness 10000) in paragraph at lines 337--338

 []


Underfull \hbox (badness 10000) in paragraph at lines 341--346

 []


Underfull \hbox (badness 10000) in paragraph at lines 347--348

 []


Underfull \hbox (badness 10000) in paragraph at lines 349--352

 []


Underfull \hbox (badness 10000) in paragraph at lines 353--360

 []


Underfull \hbox (badness 10000) in paragraph at lines 362--363

 []


Underfull \hbox (badness 10000) in paragraph at lines 364--367

 []

[6]
Underfull \hbox (badness 10000) in paragraph at lines 386--387

 []


Overfull \hbox (0.63872pt too wide) in paragraph at lines 398--398
[]|\OT1/cmr/m/n/10 Tech| 
 []


Overfull \hbox (2.27753pt too wide) in paragraph at lines 398--398
[]|\OT1/cmr/m/n/10 Endworld
 []


Underfull \hbox (badness 10000) in paragraph at lines 398--398
\OT1/cmr/m/n/10 Point
 []


Overfull \hbox (2.99178pt too wide) in paragraph at lines 398--398
[]|\OT1/cmr/m/n/10 System
 []


Underfull \hbox (badness 10000) in paragraph at lines 398--398
[]|\OT1/cmr/m/n/10 Base
 []


Underfull \hbox (badness 10000) in paragraph at lines 398--398
\OT1/cmr/m/n/10 Cargo
 []


Underfull \hbox (badness 10000) in paragraph at lines 398--398
[]|\OT1/cmr/m/n/10 Base
 []


Underfull \hbox (badness 10000) in paragraph at lines 398--398
\OT1/cmr/m/n/10 Health
 []


Underfull \hbox (badness 10000) in paragraph at lines 398--398
\OT1/cmr/m/n/10 (Fail-ure-
 []


Overfull \hbox (11.92429pt too wide) in alignment at lines 398--398
[][][][][][] 
 []


Overfull \hbox (53.69221pt too wide) in paragraph at lines 390--399
[] 
 []


Underfull \hbox (badness 10000) in paragraph at lines 390--399

 []


Underfull \hbox (badness 10000) in paragraph at lines 390--399

 []


Underfull \hbox (badness 10000) in paragraph at lines 390--399

 []


Overfull \hbox (0.63872pt too wide) in paragraph at lines 413--413
[]|\OT1/cmr/m/n/10 Tech| 
 []


Overfull \hbox (2.27753pt too wide) in paragraph at lines 413--413
[]|\OT1/cmr/m/n/10 Endworld
 []


Underfull \hbox (badness 10000) in paragraph at lines 413--413
\OT1/cmr/m/n/10 Point
 []


Overfull \hbox (11.19225pt too wide) in alignment at lines 413--413
[][][] 
 []


Underfull \hbox (badness 10000) in paragraph at lines 400--414

 []


Overfull \hbox (53.69221pt too wide) in paragraph at lines 400--414
[] 
 []


Underfull \hbox (badness 10000) in paragraph at lines 400--414

 []


Underfull \hbox (badness 10000) in paragraph at lines 415--463

 []


Overfull \hbox (48.17407pt too wide) in paragraph at lines 415--463
[] 
 []


Underfull \hbox (badness 10000) in paragraph at lines 415--463

 []


Underfull \hbox (badness 10000) in paragraph at lines 415--463

 []


Underfull \hbox (badness 10000) in paragraph at lines 415--463

 []


Underfull \hbox (badness 10000) in paragraph at lines 415--463

 []


Overfull \hbox (43.4518pt too wide) in paragraph at lines 415--463
[] 
 []


Underfull \hbox (badness 10000) in paragraph at lines 415--463

 []

[7] [8]
Overfull \hbox (2.5832pt too wide) in paragraph at lines 468--468
[]|\OT1/cmr/m/n/10 Type| 
 []


Overfull \hbox (6.79732pt too wide) in paragraph at lines 468--468
[]|\OT1/cmr/m/n/10 Bonuses| 
 []


Overfull \hbox (86.8454pt too wide) in alignment at lines 468--468
[][][][][][][] 
 []


Underfull \hbox (badness 10000) in alignment at lines 480--480
[][][][][][][] 
 []


Overfull \hbox (1.26157pt too wide) in paragraph at lines 484--484
[]|\OT1/cmr/m/n/10 30m| 
 []


Overfull \hbox (1.26157pt too wide) in paragraph at lines 484--484
[]|\OT1/cmr/m/n/10 50m| 
 []


Overfull \hbox (6.26158pt too wide) in paragraph at lines 484--484
[]|\OT1/cmr/m/n/10 100m| 
 []


Overfull \hbox (4.94835pt too wide) in paragraph at lines 484--484
[]|\OT1/cmr/m/n/10 1d10/2| 
 []


Overfull \hbox (21.88113pt too wide) in alignment at lines 484--484
[][][][][][][] 
 []


Overfull \hbox (1.26157pt too wide) in paragraph at lines 489--489
[]|\OT1/cmr/m/n/10 15m| 
 []


Overfull \hbox (1.26157pt too wide) in paragraph at lines 489--489
[]|\OT1/cmr/m/n/10 30m| 
 []


Overfull \hbox (1.26157pt too wide) in paragraph at lines 489--489
[]|\OT1/cmr/m/n/10 50m| 
 []


Overfull \hbox (4.94835pt too wide) in paragraph at lines 489--489
[]|\OT1/cmr/m/n/10 1d10/2| 
 []


Overfull \hbox (21.88113pt too wide) in alignment at lines 489--489
[][][][][][][] 
 []


Overfull \hbox (1.26157pt too wide) in paragraph at lines 493--493
[]|\OT1/cmr/m/n/10 60m| 
 []


Overfull \hbox (6.26158pt too wide) in paragraph at lines 493--493
[]|\OT1/cmr/m/n/10 150m| 
 []


Overfull \hbox (0.77368pt too wide) in paragraph at lines 493--493
[]|\OT1/cmr/m/n/10 151| 
 []


Overfull \hbox (6.26158pt too wide) in paragraph at lines 493--493
[]|\OT1/cmr/m/n/10 250m| 
 []


Overfull \hbox (21.88113pt too wide) in alignment at lines 493--493
[][][][][][][] 
 []


Overfull \hbox (1.26157pt too wide) in paragraph at lines 497--497
[]|\OT1/cmr/m/n/10 50m| 
 []


Overfull \hbox (6.26158pt too wide) in paragraph at lines 497--497
[]|\OT1/cmr/m/n/10 250m| 
 []


Overfull \hbox (0.77368pt too wide) in paragraph at lines 497--497
[]|\OT1/cmr/m/n/10 250| 
 []


Overfull \hbox (11.2616pt too wide) in paragraph at lines 497--497
[]|\OT1/cmr/m/n/10 1000m| 
 []


Overfull \hbox (21.88113pt too wide) in alignment at lines 497--497
[][][][][][][] 
 []


Overfull \hbox (0.77368pt too wide) in paragraph at lines 502--502
[]|\OT1/cmr/m/n/10 151| 
 []


Overfull \hbox (0.77368pt too wide) in paragraph at lines 502--502
[]|\OT1/cmr/m/n/10 301| 
 []


Overfull \hbox (2.92824pt too wide) in paragraph at lines 502--502
[]|\OT1/cmr/m/n/10 1500| 
 []


Overfull \hbox (21.88113pt too wide) in alignment at lines 502--502
[][][][][][][] 
 []


Overfull \hbox (21.88113pt too wide) in alignment at lines 506--506
[][][][][][][] 
 []


Overfull \hbox (0.77368pt too wide) in paragraph at lines 512--512
[]|\OT1/cmr/m/n/10 101| 
 []


Overfull \hbox (21.88113pt too wide) in alignment at lines 512--512
[][][][][][][] 
 []


Overfull \hbox (21.88113pt too wide) in alignment at lines 523--523
[][][][][][][] 
 []


Overfull \hbox (1.26157pt too wide) in paragraph at lines 528--528
[]|\OT1/cmr/m/n/10 30m| 
 []


Overfull \hbox (1.26157pt too wide) in paragraph at lines 528--528
[]|\OT1/cmr/m/n/10 50m| 
 []


Overfull \hbox (6.26158pt too wide) in paragraph at lines 528--528
[]|\OT1/cmr/m/n/10 100m| 
 []


Overfull \hbox (0.77368pt too wide) in paragraph at lines 528--528
[]|\OT1/cmr/m/n/10 101| 
 []


Overfull \hbox (6.26158pt too wide) in paragraph at lines 528--528
[]|\OT1/cmr/m/n/10 200m| 
 []


Overfull \hbox (4.94835pt too wide) in paragraph at lines 528--528
[]|\OT1/cmr/m/n/10 1d10/2| 
 []


Overfull \hbox (21.88113pt too wide) in alignment at lines 528--528
[][][][][][][] 
 []


Overfull \hbox (1.26157pt too wide) in paragraph at lines 533--533
[]|\OT1/cmr/m/n/10 10m| 
 []


Overfull \hbox (1.26157pt too wide) in paragraph at lines 533--533
[]|\OT1/cmr/m/n/10 25m| 
 []


Overfull \hbox (1.26157pt too wide) in paragraph at lines 533--533
[]|\OT1/cmr/m/n/10 50m| 
 []


Overfull \hbox (6.26158pt too wide) in paragraph at lines 533--533
[]|\OT1/cmr/m/n/10 100m| 
 []


Overfull \hbox (21.88113pt too wide) in alignment at lines 533--533
[][][][][][][] 
 []


Underfull \hbox (badness 10000) in paragraph at lines 538--538
[]|\OT1/cmr/m/n/10 Repeater
 []


Overfull \hbox (1.26157pt too wide) in paragraph at lines 538--538
[]|\OT1/cmr/m/n/10 80m| 
 []


Overfull \hbox (6.26158pt too wide) in paragraph at lines 538--538
[]|\OT1/cmr/m/n/10 130m| 
 []


Overfull \hbox (0.77368pt too wide) in paragraph at lines 538--538
[]|\OT1/cmr/m/n/10 131| 
 []


Overfull \hbox (6.26158pt too wide) in paragraph at lines 538--538
[]|\OT1/cmr/m/n/10 200m| 
 []


Overfull \hbox (0.77368pt too wide) in paragraph at lines 538--538
[]|\OT1/cmr/m/n/10 201| 
 []


Overfull \hbox (6.26158pt too wide) in paragraph at lines 538--538
[]|\OT1/cmr/m/n/10 500m| 
 []


Overfull \hbox (21.88113pt too wide) in alignment at lines 538--538
[][][][][][][] 
 []


Underfull \hbox (badness 10000) in paragraph at lines 542--542
[]|\OT1/cmr/m/n/10 AntiTank
 []


Overfull \hbox (1.26157pt too wide) in paragraph at lines 542--542
[]|\OT1/cmr/m/n/10 80m| 
 []


Overfull \hbox (6.26158pt too wide) in paragraph at lines 542--542
[]|\OT1/cmr/m/n/10 500m| 
 []


Overfull \hbox (0.77368pt too wide) in paragraph at lines 542--542
[]|\OT1/cmr/m/n/10 500| 
 []


Overfull \hbox (11.2616pt too wide) in paragraph at lines 542--542
[]|\OT1/cmr/m/n/10 1800m| 
 []


Overfull \hbox (21.88113pt too wide) in alignment at lines 542--542
[][][][][][][] 
 []


Underfull \hbox (badness 5064) in paragraph at lines 547--547
[]|\OT1/cmr/m/n/10 Gauss Can-
 []


Overfull \hbox (0.63078pt too wide) in paragraph at lines 547--547
[]|\OT1/cmr/m/n/10 M| 
 []


Overfull \hbox (2.92824pt too wide) in paragraph at lines 547--547
[]|\OT1/cmr/m/n/10 1000| 
 []


Overfull \hbox (2.92824pt too wide) in paragraph at lines 547--547
[]|\OT1/cmr/m/n/10 1001| 
 []


Overfull \hbox (2.92824pt too wide) in paragraph at lines 547--547
[]|\OT1/cmr/m/n/10 2500| 
 []


Overfull \hbox (21.88158pt too wide) in alignment at lines 547--547
[][][][][][][] 
 []


Underfull \hbox (badness 10000) in paragraph at lines 551--551
[]|\OT1/cmr/m/n/10 Laser
 []


Overfull \hbox (0.77368pt too wide) in paragraph at lines 551--551
[]|\OT1/cmr/m/n/10 101| 
 []


Overfull \hbox (21.88113pt too wide) in alignment at lines 551--551
[][][][][][][] 
 []


Overfull \hbox (0.77368pt too wide) in paragraph at lines 558--558
[]|\OT1/cmr/m/n/10 201| 
 []


Overfull \hbox (21.88113pt too wide) in alignment at lines 558--558
[][][][][][][] 
 []


Underfull \hbox (badness 10000) in paragraph at lines 464--559

 []


Underfull \hbox (badness 10000) in paragraph at lines 464--559

 []

[9] [10]
Overfull \hbox (11.41272pt too wide) in paragraph at lines 560--628
[] 
 []


Overfull \hbox (4.60718pt too wide) in paragraph at lines 560--628
[] 
 []


Overfull \hbox (11.24614pt too wide) in paragraph at lines 560--628
[] 
 []


Overfull \hbox (94.60745pt too wide) in paragraph at lines 560--628
[] 
 []


Underfull \hbox (badness 10000) in paragraph at lines 560--628

 []


Underfull \hbox (badness 10000) in paragraph at lines 560--628

 []

[11] [12]
Underfull \hbox (badness 10000) in paragraph at lines 632--635

 []

[13] (./rulebook.aux) ) 
Here is how much of TeX's memory you used:
 2673 strings out of 493013
 37264 string characters out of 6139317
 147947 words of memory out of 5000000
 6229 multiletter control sequences out of 15000+600000
 9334 words of font info for 37 fonts, out of 8000000 for 9000
 1141 hyphenation exceptions out of 8191
 26i,12n,32p,281b,230s stack positions out of 5000i,500n,10000p,200000b,80000s
</usr/share/texmf-dist/fonts/type1/public/amsfonts/cm/cm
mi10.pfb></usr/share/texmf-dist/fonts/type1/public/amsfonts/cm/cmmi7.pfb></usr/
share/texmf-dist/fonts/type1/public/amsfonts/cm/cmr10.pfb></usr/share/texmf-dis
t/fonts/type1/public/amsfonts/cm/cmr12.pfb></usr/share/texmf-dist/fonts/type1/p
ublic/amsfonts/cm/cmr17.pfb></usr/share/texmf-dist/fonts/type1/public/amsfonts/
cm/cmr7.pfb></usr/share/texmf-dist/fonts/type1/public/amsfonts/cm/cmr8.pfb></us
r/share/texmf-dist/fonts/type1/public/amsfonts/cm/cmsy10.pfb></usr/share/texmf-
dist/fonts/type1/public/amsfonts/cm/cmsy8.pfb>
Output written on rulebook.pdf (13 pages, 131363 bytes).
PDF statistics:
 83 PDF objects out of 1000 (max. 8388607)
 58 compressed objects within 1 object stream
 0 named destinations out of 1000 (max. 500000)
 1 words of extra memory for PDF output out of 10000 (max. 10000000)

