\BOOKMARK [1][-]{section.0.1}{The EndWorld}{}% 1
\BOOKMARK [1][-]{section.0.2}{Rules}{}% 2
\BOOKMARK [2][-]{subsection.0.2.1}{Rolling and Checks}{section.0.2}% 3
\BOOKMARK [3][-]{subsubsection.0.2.1.1}{Dice}{subsection.0.2.1}% 4
\BOOKMARK [2][-]{subsection.0.2.2}{Skills and Abilities}{section.0.2}% 5
\BOOKMARK [3][-]{subsubsection.0.2.2.1}{Social Abilities}{subsection.0.2.2}% 6
\BOOKMARK [3][-]{subsubsection.0.2.2.2}{Mental Abilities}{subsection.0.2.2}% 7
\BOOKMARK [3][-]{subsubsection.0.2.2.3}{Physical Abilities}{subsection.0.2.2}% 8
\BOOKMARK [3][-]{subsubsection.0.2.2.4}{Tech Abilities}{subsection.0.2.2}% 9
\BOOKMARK [3][-]{subsubsection.0.2.2.5}{Weapons Expertise}{subsection.0.2.2}% 10
\BOOKMARK [4][-]{paragraph.0.2.2.5.1}{Laser}{subsubsection.0.2.2.5}% 11
\BOOKMARK [4][-]{paragraph.0.2.2.5.2}{Projectile}{subsubsection.0.2.2.5}% 12
\BOOKMARK [4][-]{paragraph.0.2.2.5.3}{Missile}{subsubsection.0.2.2.5}% 13
\BOOKMARK [4][-]{paragraph.0.2.2.5.4}{Melee}{subsubsection.0.2.2.5}% 14
\BOOKMARK [3][-]{subsubsection.0.2.2.6}{Piloting Practice}{subsection.0.2.2}% 15
\BOOKMARK [4][-]{paragraph.0.2.2.6.1}{Exo}{subsubsection.0.2.2.6}% 16
\BOOKMARK [4][-]{paragraph.0.2.2.6.2}{Tiny}{subsubsection.0.2.2.6}% 17
\BOOKMARK [4][-]{paragraph.0.2.2.6.3}{Very Light}{subsubsection.0.2.2.6}% 18
\BOOKMARK [4][-]{paragraph.0.2.2.6.4}{Light}{subsubsection.0.2.2.6}% 19
\BOOKMARK [4][-]{paragraph.0.2.2.6.5}{Medium}{subsubsection.0.2.2.6}% 20
\BOOKMARK [4][-]{paragraph.0.2.2.6.6}{Heavy}{subsubsection.0.2.2.6}% 21
\BOOKMARK [4][-]{paragraph.0.2.2.6.7}{Very Heavy}{subsubsection.0.2.2.6}% 22
\BOOKMARK [3][-]{subsubsection.0.2.2.7}{Aux}{subsection.0.2.2}% 23
\BOOKMARK [4][-]{paragraph.0.2.2.7.1}{Biotech}{subsubsection.0.2.2.7}% 24
\BOOKMARK [3][-]{subsubsection.0.2.2.8}{Skilltree - Techside}{subsection.0.2.2}% 25
\BOOKMARK [2][-]{subsection.0.2.3}{Trade}{section.0.2}% 26
\BOOKMARK [3][-]{subsubsection.0.2.3.1}{Tradegoods}{subsection.0.2.3}% 27
\BOOKMARK [2][-]{subsection.0.2.4}{Combat}{section.0.2}% 28
\BOOKMARK [3][-]{subsubsection.0.2.4.1}{Life}{subsection.0.2.4}% 29
\BOOKMARK [3][-]{subsubsection.0.2.4.2}{Rounds}{subsection.0.2.4}% 30
\BOOKMARK [3][-]{subsubsection.0.2.4.3}{Combat against Groups}{subsection.0.2.4}% 31
\BOOKMARK [3][-]{subsubsection.0.2.4.4}{Detailed combat}{subsection.0.2.4}% 32
\BOOKMARK [2][-]{subsection.0.2.5}{Health and Contamination}{section.0.2}% 33
\BOOKMARK [3][-]{subsubsection.0.2.5.1}{Healing}{subsection.0.2.5}% 34
\BOOKMARK [3][-]{subsubsection.0.2.5.2}{Treatment}{subsection.0.2.5}% 35
\BOOKMARK [3][-]{subsubsection.0.2.5.3}{Medicine}{subsection.0.2.5}% 36
\BOOKMARK [3][-]{subsubsection.0.2.5.4}{Categories}{subsection.0.2.5}% 37
\BOOKMARK [3][-]{subsubsection.0.2.5.5}{Contamination}{subsection.0.2.5}% 38
\BOOKMARK [3][-]{subsubsection.0.2.5.6}{Contaminationdamage}{subsection.0.2.5}% 39
\BOOKMARK [3][-]{subsubsection.0.2.5.7}{Seals}{subsection.0.2.5}% 40
\BOOKMARK [3][-]{subsubsection.0.2.5.8}{Average Death}{subsection.0.2.5}% 41
\BOOKMARK [2][-]{subsection.0.2.6}{Tech}{section.0.2}% 42
\BOOKMARK [3][-]{subsubsection.0.2.6.1}{Blueprints}{subsection.0.2.6}% 43
\BOOKMARK [3][-]{subsubsection.0.2.6.2}{Engineering}{subsection.0.2.6}% 44
\BOOKMARK [1][-]{section.0.3}{Character Creation}{}% 45
\BOOKMARK [2][-]{subsection.0.3.1}{Step 1 - Categories}{section.0.3}% 46
\BOOKMARK [2][-]{subsection.0.3.2}{Step 2 - Abilities}{section.0.3}% 47
\BOOKMARK [2][-]{subsection.0.3.3}{Step 3 - Finishing touches}{section.0.3}% 48
\BOOKMARK [1][-]{section.0.4}{Mechs}{}% 49
\BOOKMARK [2][-]{subsection.0.4.1}{Sizes}{section.0.4}% 50
\BOOKMARK [2][-]{subsection.0.4.2}{Systems}{section.0.4}% 51
\BOOKMARK [3][-]{subsubsection.0.4.2.1}{Costs}{subsection.0.4.2}% 52
\BOOKMARK [2][-]{subsection.0.4.3}{Movement Systems}{section.0.4}% 53
\BOOKMARK [3][-]{subsubsection.0.4.3.1}{Requirements}{subsection.0.4.3}% 54
\BOOKMARK [2][-]{subsection.0.4.4}{Seals}{section.0.4}% 55
\BOOKMARK [2][-]{subsection.0.4.5}{Heatsystems}{section.0.4}% 56
\BOOKMARK [2][-]{subsection.0.4.6}{Energysystems}{section.0.4}% 57
\BOOKMARK [2][-]{subsection.0.4.7}{Shieldsystems}{section.0.4}% 58
\BOOKMARK [2][-]{subsection.0.4.8}{Armor}{section.0.4}% 59
\BOOKMARK [2][-]{subsection.0.4.9}{Weapons}{section.0.4}% 60
\BOOKMARK [2][-]{subsection.0.4.10}{Misc Modules}{section.0.4}% 61
\BOOKMARK [2][-]{subsection.0.4.11}{Basetech}{section.0.4}% 62
\BOOKMARK [2][-]{subsection.0.4.12}{Lowtech}{section.0.4}% 63
\BOOKMARK [2][-]{subsection.0.4.13}{Midtech}{section.0.4}% 64
\BOOKMARK [2][-]{subsection.0.4.14}{Hightech}{section.0.4}% 65
